-------------------------------------------------------------------------------
Test set: SightingTest
-------------------------------------------------------------------------------
Tests run: 14, Failures: 0, Errors: 1, Skipped: 0, Time elapsed: 2.24 sec <<< FAILURE! - in SightingTest
save_recordsTimeOfCreationInDatabase(SightingTest)  Time elapsed: 0.07 sec  <<< ERROR!
java.lang.IllegalArgumentException: Cannot format given Object as a Date
	at SightingTest.save_recordsTimeOfCreationInDatabase(SightingTest.java:117)

