<?xml version="1.0" encoding="UTF-8"?>
<testsuite xmlns:xsi="http://www.w3.org/2001/XMLSchema-instance" xsi:schemaLocation="https://maven.apache.org/surefire/maven-surefire-plugin/xsd/surefire-test-report.xsd" name="RangerTest" time="0.503" tests="11" errors="0" skipped="0" failures="0">
  <properties>
[...]
</properties>
  <testcase name="getName_InstantiatesWithRangerName_true" classname="RangerTest" time="0.007"/>
  <testcase name="Ranger_instantiatesCorrectly_true" classname="RangerTest" time="0.023"/>
  <testcase name="getBadgeNo_InstantiatesWithBadgeNo_true" classname="RangerTest" time="0.008"/>
  <testcase name="save_insertsObjectIntoDatabase_Ranger" classname="RangerTest" time="0.068"/>
  <testcase name="find_returnsRangersWithSameId_secondRanger" classname="RangerTest" time="0.077"/>
  <testcase name="delete_deletesRangers_true" classname="RangerTest" time="0.058"/>
  <testcase name="getSightings_retrievesAllSightingsFromDatabase_sightingsList" classname="RangerTest" time="0.117"/>
  <testcase name="getContact_InstantiatesWithContact_true" classname="RangerTest" time="0.007"/>
  <testcase name="save_assignsIdToObject" classname="RangerTest" time="0.047"/>
  <testcase name="equals_returnsTrueIfRangersAreSame_true" classname="RangerTest" time="0.007"/>
  <testcase name="all_returnsAllInstancesOfRangers_true" classname="RangerTest" time="0.08"/>
</testsuite>