-------------------------------------------------------------------------------
Test set: UnEndangeredTest
-------------------------------------------------------------------------------
Tests run: 38, Failures: 0, Errors: 1, Skipped: 0, Time elapsed: 15.516 sec <<< FAILURE! - in UnEndangeredTest
save_recordsTimeOfCreationInDatabase(UnEndangeredTest)  Time elapsed: 0.038 sec  <<< ERROR!
java.lang.IllegalArgumentException: Cannot format given Object as a Date
	at UnEndangeredTest.save_recordsTimeOfCreationInDatabase(UnEndangeredTest.java:237)

